[2026-04-05 18:47:59] GBP Review Monitor starting...
[2026-04-05 18:49:04] GBP Review Monitor starting...
[2026-04-05 18:49:05] Fetched 40 reviews.
[2026-04-05 18:49:05] Found 40 new review(s).
[2026-04-05 18:49:05] New 1-star review from Ba. Draft saved: /home/runner/work/blackhill-lead-monitor/blackhill-lead-monitor/data/gbp/pending-responses/NaEUZKAd9GzoYqEGL61o176E7wmZnchwHY7TkyBg.json
[2026-04-05 18:49:05] Email sent.
[2026-04-05 18:49:05] New 1-star review from Brittany Friedrich. Draft saved: /home/runner/work/blackhill-lead-monitor/blackhill-lead-monitor/data/gbp/pending-responses/uEzHvFJ_rKfbxVX0v7BdnEZuU4w4hSrEu-AfFdTp.json
[2026-04-05 18:49:05] Email sent.
[2026-04-05 18:49:05] New 5-star review from Marc Vazquez. Draft saved: /home/runner/work/blackhill-lead-monitor/blackhill-lead-monitor/data/gbp/pending-responses/-dntiYWaQpZekHqfOb2Nb4JKma7Y7Zj2N69GhwVQ.json
[2026-04-05 18:49:05] Email sent.
[2026-04-05 18:49:05] New 5-star review from Stefan Rodriguez. Draft saved: /home/runner/work/blackhill-lead-monitor/blackhill-lead-monitor/data/gbp/pending-responses/33joWr2FrIBG8VQjyWOBRmPEjE9UqcxFKp8tla_g.json
[2026-04-05 18:49:06] Email sent.
[2026-04-05 18:49:06] New 5-star review from Debra Allen. Draft saved: /home/runner/work/blackhill-lead-monitor/blackhill-lead-monitor/data/gbp/pending-responses/dSh6rqfgQfWcAsFRI6VHtWBO56NpIa_ArNVV6c1g.json
[2026-04-05 18:49:06] Email sent.
[2026-04-05 18:49:06] New 5-star review from Heath Faulks. Draft saved: /home/runner/work/blackhill-lead-monitor/blackhill-lead-monitor/data/gbp/pending-responses/JKnaC66np0l7VPkPf65GqNrEuw94Xdz85FFFghRQ.json
[2026-04-05 18:49:06] Email sent.
[2026-04-05 18:49:06] New 5-star review from Cathy Harrell. Draft saved: /home/runner/work/blackhill-lead-monitor/blackhill-lead-monitor/data/gbp/pending-responses/mC9p1D55XRTv8IUIbXI1reacSMXL1l_n3jG57j7g.json
[2026-04-05 18:49:06] Email sent.
[2026-04-05 18:49:06] New 5-star review from Katie Lou. Draft saved: /home/runner/work/blackhill-lead-monitor/blackhill-lead-monitor/data/gbp/pending-responses/8uhoptEi8YAoSdltlVIUdX4rRHnpy5aC807bqG2g.json
[2026-04-05 18:49:07] Email sent.
[2026-04-05 18:49:07] New 5-star review from Lynn lynch. Draft saved: /home/runner/work/blackhill-lead-monitor/blackhill-lead-monitor/data/gbp/pending-responses/Iep2KbwenKufCHXBf6F9XGDiG3yoXhjNqPXwbbGQ.json
[2026-04-05 18:49:07] Email sent.
[2026-04-05 18:49:07] New 5-star review from Edwin Penalvert. Draft saved: /home/runner/work/blackhill-lead-monitor/blackhill-lead-monitor/data/gbp/pending-responses/nnSdko6ELnUxoir6iv7q58foZ0d9WEVVPlvxNDoA.json
[2026-04-05 18:49:07] Email sent.
[2026-04-05 18:49:07] New 5-star review from VolumedMusicMan. Draft saved: /home/runner/work/blackhill-lead-monitor/blackhill-lead-monitor/data/gbp/pending-responses/FctiCAJBZjv8RZUhwlhsIjJShVjl_6hxWKlzn8Hx.json
[2026-04-05 18:49:07] Email sent.
[2026-04-05 18:49:07] New 5-star review from Joseph Vanderloop. Draft saved: /home/runner/work/blackhill-lead-monitor/blackhill-lead-monitor/data/gbp/pending-responses/bDf4G1CSapfNJY9pdiLNb8DhV3nhJw6J_gwDwJkL.json
[2026-04-05 18:49:08] Email sent.
[2026-04-05 18:49:08] New 5-star review from Alice Sheffield. Draft saved: /home/runner/work/blackhill-lead-monitor/blackhill-lead-monitor/data/gbp/pending-responses/HdYUVDlKg_yE5XpDHgqj-zYrEgV8fHBWoeNX7JVk.json
[2026-04-05 18:49:08] Email sent.
[2026-04-05 18:49:08] New 5-star review from S L. Draft saved: /home/runner/work/blackhill-lead-monitor/blackhill-lead-monitor/data/gbp/pending-responses/GTQfKTalJM7N69KA6uF7R0pnfujxFA4ILQ6kR-eJ.json
[2026-04-05 18:49:08] Email sent.
[2026-04-05 18:49:08] New 5-star review from Susie Mason. Draft saved: /home/runner/work/blackhill-lead-monitor/blackhill-lead-monitor/data/gbp/pending-responses/G1DjSqIPQnHx2wCBCVnOvaMqNcIKKvCYHnYjHd7G.json
[2026-04-05 18:49:08] Email sent.
[2026-04-05 18:49:08] New 5-star review from Rand Larsen. Draft saved: /home/runner/work/blackhill-lead-monitor/blackhill-lead-monitor/data/gbp/pending-responses/5wHMzIC8gW0zEQjFVR3CoCeZutoNrLlLWXSFK6Pw.json
[2026-04-05 18:49:08] Email sent.
[2026-04-05 18:49:08] New 5-star review from Craig Marquis. Draft saved: /home/runner/work/blackhill-lead-monitor/blackhill-lead-monitor/data/gbp/pending-responses/LO6sqFYWE_5KC8gI_NVbPO1FHq_Uxmg5mlx6srHA.json
[2026-04-05 18:49:09] Email sent.
[2026-04-05 18:49:09] New 5-star review from Kevin Henderson. Draft saved: /home/runner/work/blackhill-lead-monitor/blackhill-lead-monitor/data/gbp/pending-responses/u0m4ghyMcwt9wr1F1WwWoZ9V7yjUHGUH3kVbUTcw.json
[2026-04-05 18:49:09] Email sent.
[2026-04-05 18:49:09] New 5-star review from Nicholas Warrington. Draft saved: /home/runner/work/blackhill-lead-monitor/blackhill-lead-monitor/data/gbp/pending-responses/2XzQuCmZWO5G_XRcpyVoYshGndxVPSHcSgX7aM-Q.json
[2026-04-05 18:49:09] Email sent.
[2026-04-05 18:49:09] New 5-star review from Joe Gregory. Draft saved: /home/runner/work/blackhill-lead-monitor/blackhill-lead-monitor/data/gbp/pending-responses/2EbzNsy5omNriAQ7mThJ6rXMExOBbjW6t_Rzxy8g.json
[2026-04-05 18:49:09] Email sent.
[2026-04-05 18:49:09] New 5-star review from Crystal McKinney. Draft saved: /home/runner/work/blackhill-lead-monitor/blackhill-lead-monitor/data/gbp/pending-responses/9EWN8uEBWwn0LCPJT5RBup3nbceSvwEksTGnoyjw.json
[2026-04-05 18:49:09] Email sent.
[2026-04-05 18:49:09] New 5-star review from Mattress Clearance Center Champaign\Urbana. Draft saved: /home/runner/work/blackhill-lead-monitor/blackhill-lead-monitor/data/gbp/pending-responses/Ds_LbpjpiZFW6fn7SQ5Is0QJ6PbvDfVLQQk0mWrQ.json
[2026-04-05 18:49:09] Email sent.
[2026-04-05 18:49:09] New 5-star review from Jeff Connor. Draft saved: /home/runner/work/blackhill-lead-monitor/blackhill-lead-monitor/data/gbp/pending-responses/KmCFbYZMfhpDO6ttpnstoF7Q_jReFnrAa2HZVsFQ.json
[2026-04-05 18:49:10] Email sent.
[2026-04-05 18:49:10] New 5-star review from Kelli Jamison. Draft saved: /home/runner/work/blackhill-lead-monitor/blackhill-lead-monitor/data/gbp/pending-responses/n8AKWMa4HAVCp1xey14Ff2X4TOE4JDfnCytYz-wA.json
[2026-04-05 18:49:10] Email sent.
[2026-04-05 18:49:10] New 5-star review from Jay Esquivel. Draft saved: /home/runner/work/blackhill-lead-monitor/blackhill-lead-monitor/data/gbp/pending-responses/_d2oAc-jYcODHRgJ5mQEVtcKgbcaxsGOoJLOLDPw.json
[2026-04-05 18:49:10] Email sent.
[2026-04-05 18:49:10] New 5-star review from Jorge Rios-Jimenez. Draft saved: /home/runner/work/blackhill-lead-monitor/blackhill-lead-monitor/data/gbp/pending-responses/RWGxnAk-bdIEjSsBlihGc6ERWBIPPqwjZ-brc1Rg.json
[2026-04-05 18:49:10] Email sent.
[2026-04-05 18:49:10] New 5-star review from Marcus Leverett. Draft saved: /home/runner/work/blackhill-lead-monitor/blackhill-lead-monitor/data/gbp/pending-responses/T1dOVhxGjzTFWY7kl_2tUU9n020K0qK2BBd4xTXA.json
[2026-04-05 18:49:10] Email sent.
[2026-04-05 18:49:10] New 5-star review from Bernabe Carranza. Draft saved: /home/runner/work/blackhill-lead-monitor/blackhill-lead-monitor/data/gbp/pending-responses/eX6QZmxkrM8Tbvf7IP8-jrp1LN8GilU5vY86gMcw.json
[2026-04-05 18:49:11] Email sent.
[2026-04-05 18:49:11] New 5-star review from Jesus Tinoco. Draft saved: /home/runner/work/blackhill-lead-monitor/blackhill-lead-monitor/data/gbp/pending-responses/VvvmPXwsQ1AsNZCAqqJLXCv8EzKSprZYR6SrZpNA.json
[2026-04-05 18:49:11] Email sent.
[2026-04-05 18:49:11] New 5-star review from Janet Jirik. Draft saved: /home/runner/work/blackhill-lead-monitor/blackhill-lead-monitor/data/gbp/pending-responses/GNNg438WZTU-1DRssY7i-bCwXKaHBrVfpDaNVqhA.json
[2026-04-05 18:49:11] Email sent.
[2026-04-05 18:49:11] New 5-star review from Denise Hamilton. Draft saved: /home/runner/work/blackhill-lead-monitor/blackhill-lead-monitor/data/gbp/pending-responses/xlVzC03orUeYV42WeoQWXrILjshcw6jncTGn5pzv.json
[2026-04-05 18:49:11] Email sent.
[2026-04-05 18:49:11] New 5-star review from Canukkim. Draft saved: /home/runner/work/blackhill-lead-monitor/blackhill-lead-monitor/data/gbp/pending-responses/XJ7nj7iu3PeSXbnLFC773yn7UyLh1bsVjLxewouw.json
[2026-04-05 18:49:11] Email sent.
[2026-04-05 18:49:11] New 5-star review from Wayne Shamblin. Draft saved: /home/runner/work/blackhill-lead-monitor/blackhill-lead-monitor/data/gbp/pending-responses/V07sznZ4T0Mb8tBSOScF2eRAEC-MFEzFC0PEMPtw.json
[2026-04-05 18:49:12] Email sent.
[2026-04-05 18:49:12] New 1-star review from tammy Brooks. Draft saved: /home/runner/work/blackhill-lead-monitor/blackhill-lead-monitor/data/gbp/pending-responses/bkZiNgXz96CB80SBV35x6M_s571WPzOxby8jieSA.json
[2026-04-05 18:49:12] Email sent.
[2026-04-05 18:49:12] New 5-star review from Omar Guerrero. Draft saved: /home/runner/work/blackhill-lead-monitor/blackhill-lead-monitor/data/gbp/pending-responses/SgCyeGc6yMWG_tr93hMGyeXOiPHzEw1mrMqo3EpQ.json
[2026-04-05 18:49:12] Email sent.
[2026-04-05 18:49:12] New 5-star review from Nicholas Sanders. Draft saved: /home/runner/work/blackhill-lead-monitor/blackhill-lead-monitor/data/gbp/pending-responses/o0cdjwr_-XSiC4insFoqKzqsBZ6Lj5LfJCDI1jJA.json
[2026-04-05 18:49:12] Email sent.
[2026-04-05 18:49:12] New 2-star review from David Escalante. Draft saved: /home/runner/work/blackhill-lead-monitor/blackhill-lead-monitor/data/gbp/pending-responses/-0cNWNpKWyJp0fW5yKgieOCb87fgINpJuf_WgoCw.json
[2026-04-05 18:49:12] Email sent.
[2026-04-05 18:49:12] New 5-star review from Jonathan Christopher. Draft saved: /home/runner/work/blackhill-lead-monitor/blackhill-lead-monitor/data/gbp/pending-responses/KtkfOLl4zSMeIpoHMYWGSfvVWgMvfbbdj1ckkJ0A.json
[2026-04-05 18:49:12] Email sent.
[2026-04-05 18:49:12] New 1-star review from MICHAEL MCAD. Draft saved: /home/runner/work/blackhill-lead-monitor/blackhill-lead-monitor/data/gbp/pending-responses/K6SJsoRKQ12JZg8y6dfNTCWaUfIJydSq-sMB9DNA.json
[2026-04-05 18:49:13] Email sent.
[2026-04-05 18:49:13] New 5-star review from Ezequiel Martinez. Draft saved: /home/runner/work/blackhill-lead-monitor/blackhill-lead-monitor/data/gbp/pending-responses/o2BDxdC3riYcGREGfwpMYwsq2T91BRTjSrDuU0i0.json
[2026-04-05 18:49:13] Email sent.
[2026-04-05 18:49:13] Done. 40 new review(s) processed.
[2026-04-05 19:23:54] GBP Review Monitor starting...
[2026-04-05 19:23:56] Fetched 40 reviews.
[2026-04-05 19:23:56] No new reviews.
[2026-04-05 19:56:47] GBP Review Monitor starting...
[2026-04-05 19:56:49] Fetched 40 reviews.
[2026-04-05 19:56:49] No new reviews.
[2026-04-05 20:45:08] GBP Review Monitor starting...
[2026-04-05 20:45:10] Fetched 40 reviews.
[2026-04-05 20:45:10] No new reviews.
[2026-04-05 21:17:28] GBP Review Monitor starting...
[2026-04-05 21:17:30] Fetched 40 reviews.
[2026-04-05 21:17:30] No new reviews.
[2026-04-05 21:56:46] GBP Review Monitor starting...
[2026-04-05 21:56:48] Fetched 40 reviews.
[2026-04-05 21:56:48] No new reviews.
[2026-04-05 22:41:34] GBP Review Monitor starting...
[2026-04-05 22:41:35] Fetched 40 reviews.
[2026-04-05 22:41:35] No new reviews.
[2026-04-05 23:17:52] GBP Review Monitor starting...
[2026-04-05 23:17:53] Fetched 40 reviews.
[2026-04-05 23:17:53] No new reviews.
[2026-04-05 23:59:02] GBP Review Monitor starting...
[2026-04-05 23:59:03] Fetched 40 reviews.
[2026-04-05 23:59:03] No new reviews.
[2026-04-06 03:35:41] GBP Review Monitor starting...
[2026-04-06 03:35:43] Fetched 40 reviews.
[2026-04-06 03:35:43] No new reviews.
[2026-04-06 05:51:59] GBP Review Monitor starting...
[2026-04-06 05:52:00] Fetched 40 reviews.
[2026-04-06 05:52:00] No new reviews.
[2026-04-06 07:53:07] GBP Review Monitor starting...
[2026-04-06 07:53:08] Fetched 40 reviews.
[2026-04-06 07:53:08] No new reviews.
[2026-04-06 09:15:49] GBP Review Monitor starting...
[2026-04-06 09:15:50] Fetched 40 reviews.
[2026-04-06 09:15:50] No new reviews.
[2026-04-06 10:38:01] GBP Review Monitor starting...
[2026-04-06 10:38:02] Fetched 40 reviews.
[2026-04-06 10:38:02] No new reviews.
[2026-04-06 11:36:07] GBP Review Monitor starting...
[2026-04-06 11:36:08] Fetched 40 reviews.
[2026-04-06 11:36:08] No new reviews.
[2026-04-06 12:38:05] GBP Review Monitor starting...
[2026-04-06 12:38:07] Fetched 40 reviews.
[2026-04-06 12:38:07] No new reviews.
[2026-04-06 14:00:25] GBP Review Monitor starting...
[2026-04-06 14:00:26] Fetched 40 reviews.
[2026-04-06 14:00:26] No new reviews.
[2026-04-06 15:07:10] GBP Review Monitor starting...
[2026-04-06 15:07:11] Fetched 40 reviews.
[2026-04-06 15:07:11] No new reviews.
[2026-04-06 16:02:05] GBP Review Monitor starting...
[2026-04-06 16:02:06] Fetched 40 reviews.
[2026-04-06 16:02:06] No new reviews.
[2026-04-06 17:08:16] GBP Review Monitor starting...
[2026-04-06 17:08:17] Fetched 40 reviews.
[2026-04-06 17:08:17] No new reviews.
[2026-04-06 18:06:07] GBP Review Monitor starting...
[2026-04-06 18:06:09] Fetched 40 reviews.
[2026-04-06 18:06:09] No new reviews.
[2026-04-06 19:31:05] GBP Review Monitor starting...
[2026-04-06 19:31:06] Fetched 40 reviews.
[2026-04-06 19:31:06] No new reviews.
[2026-04-06 20:24:36] GBP Review Monitor starting...
[2026-04-06 20:24:37] Fetched 40 reviews.
[2026-04-06 20:24:37] No new reviews.
[2026-04-06 21:05:48] GBP Review Monitor starting...
[2026-04-06 21:05:49] Fetched 40 reviews.
[2026-04-06 21:05:49] No new reviews.
[2026-04-06 21:52:00] GBP Review Monitor starting...
[2026-04-06 21:52:00] Fetched 40 reviews.
[2026-04-06 21:52:00] No new reviews.
[2026-04-06 22:42:05] GBP Review Monitor starting...
[2026-04-06 22:42:06] Fetched 40 reviews.
[2026-04-06 22:42:06] No new reviews.
[2026-04-06 23:22:10] GBP Review Monitor starting...
[2026-04-06 23:22:11] Fetched 40 reviews.
[2026-04-06 23:22:11] No new reviews.
[2026-04-07 00:00:49] GBP Review Monitor starting...
[2026-04-07 00:00:50] Fetched 40 reviews.
[2026-04-07 00:00:50] No new reviews.
[2026-04-07 03:31:54] GBP Review Monitor starting...
[2026-04-07 03:31:55] Fetched 40 reviews.
[2026-04-07 03:31:55] No new reviews.
[2026-04-07 05:29:48] GBP Review Monitor starting...
[2026-04-07 05:29:49] Fetched 40 reviews.
[2026-04-07 05:29:49] No new reviews.
[2026-04-07 06:55:49] GBP Review Monitor starting...
[2026-04-07 06:55:50] Fetched 40 reviews.
[2026-04-07 06:55:50] No new reviews.
[2026-04-07 08:16:56] GBP Review Monitor starting...
[2026-04-07 08:16:57] Fetched 40 reviews.
[2026-04-07 08:16:57] No new reviews.
[2026-04-07 09:45:30] GBP Review Monitor starting...
[2026-04-07 09:45:32] Fetched 40 reviews.
[2026-04-07 09:45:32] No new reviews.
[2026-04-07 11:02:39] GBP Review Monitor starting...
[2026-04-07 11:02:41] Fetched 40 reviews.
[2026-04-07 11:02:41] No new reviews.
[2026-04-07 12:03:39] GBP Review Monitor starting...
[2026-04-07 12:03:41] Fetched 40 reviews.
[2026-04-07 12:03:41] No new reviews.
[2026-04-07 14:02:33] GBP Review Monitor starting...
[2026-04-07 14:02:35] Fetched 40 reviews.
[2026-04-07 14:02:35] No new reviews.
[2026-04-07 15:45:27] GBP Review Monitor starting...
[2026-04-07 15:45:29] Fetched 40 reviews.
[2026-04-07 15:45:29] No new reviews.
[2026-04-07 17:07:18] GBP Review Monitor starting...
[2026-04-07 17:07:19] Fetched 40 reviews.
[2026-04-07 17:07:19] No new reviews.
[2026-04-07 18:09:58] GBP Review Monitor starting...
[2026-04-07 18:09:59] Fetched 40 reviews.
[2026-04-07 18:09:59] No new reviews.
[2026-04-07 19:33:22] GBP Review Monitor starting...
[2026-04-07 19:33:24] Fetched 40 reviews.
[2026-04-07 19:33:24] No new reviews.
[2026-04-07 20:27:07] GBP Review Monitor starting...
[2026-04-07 20:27:10] Fetched 40 reviews.
[2026-04-07 20:27:10] No new reviews.
[2026-04-07 21:25:20] GBP Review Monitor starting...
[2026-04-07 21:25:22] Fetched 40 reviews.
[2026-04-07 21:25:22] No new reviews.
[2026-04-07 22:06:05] GBP Review Monitor starting...
[2026-04-07 22:06:07] Fetched 40 reviews.
[2026-04-07 22:06:07] No new reviews.
[2026-04-07 22:59:42] GBP Review Monitor starting...
[2026-04-07 22:59:44] Fetched 40 reviews.
[2026-04-07 22:59:44] No new reviews.
[2026-04-07 23:51:29] GBP Review Monitor starting...
[2026-04-07 23:51:30] Fetched 40 reviews.
[2026-04-07 23:51:30] No new reviews.
[2026-04-08 02:52:51] GBP Review Monitor starting...
[2026-04-08 02:52:52] Fetched 40 reviews.
[2026-04-08 02:52:52] No new reviews.
[2026-04-08 05:17:12] GBP Review Monitor starting...
[2026-04-08 05:17:14] Fetched 40 reviews.
[2026-04-08 05:17:14] No new reviews.
[2026-04-08 06:55:25] GBP Review Monitor starting...
[2026-04-08 06:55:27] Fetched 40 reviews.
[2026-04-08 06:55:27] No new reviews.
[2026-04-08 08:15:24] GBP Review Monitor starting...
[2026-04-08 08:15:25] Fetched 40 reviews.
[2026-04-08 08:15:25] No new reviews.
[2026-04-08 09:46:00] GBP Review Monitor starting...
[2026-04-08 09:46:01] Fetched 40 reviews.
[2026-04-08 09:46:01] No new reviews.
[2026-04-08 11:03:39] GBP Review Monitor starting...
[2026-04-08 11:03:40] Fetched 40 reviews.
[2026-04-08 11:03:40] No new reviews.
[2026-04-08 12:03:54] GBP Review Monitor starting...
[2026-04-08 12:03:55] Fetched 40 reviews.
[2026-04-08 12:03:55] No new reviews.
[2026-04-08 14:03:01] GBP Review Monitor starting...
[2026-04-08 14:03:02] Fetched 40 reviews.
[2026-04-08 14:03:02] No new reviews.
[2026-04-08 15:47:19] GBP Review Monitor starting...
[2026-04-08 15:47:21] Fetched 40 reviews.
[2026-04-08 15:47:21] No new reviews.
[2026-04-08 17:11:40] GBP Review Monitor starting...
[2026-04-08 17:11:41] Fetched 40 reviews.
[2026-04-08 17:11:41] No new reviews.
[2026-04-08 18:19:32] GBP Review Monitor starting...
[2026-04-08 18:19:34] Fetched 40 reviews.
[2026-04-08 18:19:34] No new reviews.
[2026-04-08 19:47:18] GBP Review Monitor starting...
[2026-04-08 19:47:19] Fetched 40 reviews.
[2026-04-08 19:47:19] No new reviews.
[2026-04-08 20:52:19] GBP Review Monitor starting...
[2026-04-08 20:52:20] Fetched 40 reviews.
[2026-04-08 20:52:20] No new reviews.
[2026-04-08 21:49:38] GBP Review Monitor starting...
[2026-04-08 21:49:39] Fetched 40 reviews.
[2026-04-08 21:49:39] No new reviews.
[2026-04-08 22:49:24] GBP Review Monitor starting...
[2026-04-08 22:49:25] Fetched 40 reviews.
[2026-04-08 22:49:25] No new reviews.
[2026-04-08 23:43:17] GBP Review Monitor starting...
[2026-04-08 23:43:19] Fetched 40 reviews.
[2026-04-08 23:43:19] No new reviews.
[2026-04-09 00:54:34] GBP Review Monitor starting...
[2026-04-09 00:54:35] Fetched 40 reviews.
[2026-04-09 00:54:35] No new reviews.
[2026-04-09 03:49:38] GBP Review Monitor starting...
[2026-04-09 03:49:39] Fetched 40 reviews.
[2026-04-09 03:49:39] No new reviews.
[2026-04-09 05:51:20] GBP Review Monitor starting...
[2026-04-09 05:51:21] Fetched 40 reviews.
[2026-04-09 05:51:21] No new reviews.
[2026-04-09 07:45:54] GBP Review Monitor starting...
[2026-04-09 07:45:56] Fetched 40 reviews.
[2026-04-09 07:45:56] No new reviews.
[2026-04-09 09:16:17] GBP Review Monitor starting...
[2026-04-09 09:16:19] Fetched 40 reviews.
[2026-04-09 09:16:19] No new reviews.
[2026-04-09 10:41:26] GBP Review Monitor starting...
[2026-04-09 10:41:28] Fetched 40 reviews.
[2026-04-09 10:41:28] No new reviews.
[2026-04-09 11:39:41] GBP Review Monitor starting...
[2026-04-09 11:39:41] Fetched 40 reviews.
[2026-04-09 11:39:41] No new reviews.
[2026-04-09 12:48:16] GBP Review Monitor starting...
[2026-04-09 12:48:17] Fetched 40 reviews.
[2026-04-09 12:48:17] No new reviews.
[2026-04-09 14:56:50] GBP Review Monitor starting...
[2026-04-09 14:56:50] Fetched 40 reviews.
[2026-04-09 14:56:50] No new reviews.
[2026-04-09 16:23:03] GBP Review Monitor starting...
[2026-04-09 16:23:05] Fetched 40 reviews.
[2026-04-09 16:23:05] No new reviews.
[2026-04-09 17:39:11] GBP Review Monitor starting...
[2026-04-09 17:39:12] Fetched 40 reviews.
[2026-04-09 17:39:12] No new reviews.
[2026-04-09 18:40:03] GBP Review Monitor starting...
[2026-04-09 18:40:05] Fetched 41 reviews.
[2026-04-09 18:40:05] Found 1 new review(s).
[2026-04-09 18:40:05] New 1-star review from Bryan Parker. Draft saved: /home/runner/work/blackhill-lead-monitor/blackhill-lead-monitor/data/gbp/pending-responses/WmeCVvsb-4LTkRKjOpmosqbPoZmcwhvkV4k7-jnw.json
[2026-04-09 18:40:06] Email sent.
[2026-04-09 18:40:06] Done. 1 new review(s) processed.
[2026-04-09 19:52:11] GBP Review Monitor starting...
[2026-04-09 19:52:12] Fetched 41 reviews.
[2026-04-09 19:52:12] No new reviews.
[2026-04-09 20:57:37] GBP Review Monitor starting...
[2026-04-09 20:57:39] Fetched 41 reviews.
[2026-04-09 20:57:39] No new reviews.
[2026-04-09 21:53:19] GBP Review Monitor starting...
[2026-04-09 21:53:20] Fetched 41 reviews.
[2026-04-09 21:53:20] No new reviews.
[2026-04-09 22:49:41] GBP Review Monitor starting...
[2026-04-09 22:49:42] Fetched 41 reviews.
[2026-04-09 22:49:42] No new reviews.
[2026-04-09 23:41:18] GBP Review Monitor starting...
[2026-04-09 23:41:21] Fetched 41 reviews.
[2026-04-09 23:41:21] No new reviews.
[2026-04-10 01:04:10] GBP Review Monitor starting...
[2026-04-10 01:04:11] Fetched 41 reviews.
[2026-04-10 01:04:11] No new reviews.
[2026-04-10 04:19:00] GBP Review Monitor starting...
[2026-04-10 04:19:01] Fetched 41 reviews.
[2026-04-10 04:19:01] No new reviews.
[2026-04-10 06:16:13] GBP Review Monitor starting...
[2026-04-10 06:16:15] Fetched 41 reviews.
[2026-04-10 06:16:15] No new reviews.
[2026-04-10 08:08:10] GBP Review Monitor starting...
[2026-04-10 08:08:11] Fetched 41 reviews.
[2026-04-10 08:08:11] No new reviews.
[2026-04-10 09:39:30] GBP Review Monitor starting...
[2026-04-10 09:39:31] Fetched 41 reviews.
[2026-04-10 09:39:31] No new reviews.
[2026-04-10 10:39:09] GBP Review Monitor starting...
[2026-04-10 10:39:11] Fetched 41 reviews.
[2026-04-10 10:39:11] No new reviews.
[2026-04-10 11:35:00] GBP Review Monitor starting...
[2026-04-10 11:35:01] Fetched 41 reviews.
[2026-04-10 11:35:01] No new reviews.
[2026-04-10 12:36:33] GBP Review Monitor starting...
[2026-04-10 12:36:35] Fetched 41 reviews.
[2026-04-10 12:36:35] No new reviews.
[2026-04-10 14:05:00] GBP Review Monitor starting...
[2026-04-10 14:05:01] Fetched 41 reviews.
[2026-04-10 14:05:01] No new reviews.
[2026-04-10 15:08:17] GBP Review Monitor starting...
[2026-04-10 15:08:18] Fetched 41 reviews.
[2026-04-10 15:08:18] No new reviews.
[2026-04-10 16:08:31] GBP Review Monitor starting...
[2026-04-10 16:08:33] Fetched 41 reviews.
[2026-04-10 16:08:33] No new reviews.
[2026-04-10 17:08:55] GBP Review Monitor starting...
[2026-04-10 17:08:57] Fetched 41 reviews.
[2026-04-10 17:08:57] No new reviews.
[2026-04-10 18:02:01] GBP Review Monitor starting...
[2026-04-10 18:02:02] Fetched 41 reviews.
[2026-04-10 18:02:02] No new reviews.
[2026-04-10 19:13:40] GBP Review Monitor starting...
[2026-04-10 19:13:42] Fetched 41 reviews.
[2026-04-10 19:13:42] No new reviews.
[2026-04-10 19:57:10] GBP Review Monitor starting...
[2026-04-10 19:57:11] Fetched 41 reviews.
[2026-04-10 19:57:11] No new reviews.
[2026-04-10 20:50:31] GBP Review Monitor starting...
[2026-04-10 20:50:32] Fetched 41 reviews.
[2026-04-10 20:50:32] No new reviews.
[2026-04-10 21:44:44] GBP Review Monitor starting...
[2026-04-10 21:44:46] Fetched 41 reviews.
[2026-04-10 21:44:46] No new reviews.
[2026-04-10 22:21:52] GBP Review Monitor starting...
[2026-04-10 22:21:53] Fetched 41 reviews.
[2026-04-10 22:21:53] No new reviews.
[2026-04-10 23:05:28] GBP Review Monitor starting...
[2026-04-10 23:05:29] Fetched 41 reviews.
[2026-04-10 23:05:29] No new reviews.
[2026-04-10 23:52:24] GBP Review Monitor starting...
[2026-04-10 23:52:25] Fetched 41 reviews.
[2026-04-10 23:52:25] No new reviews.
[2026-04-11 02:43:47] GBP Review Monitor starting...
[2026-04-11 02:43:48] Fetched 41 reviews.
[2026-04-11 02:43:48] No new reviews.
[2026-04-11 04:46:34] GBP Review Monitor starting...
[2026-04-11 04:46:35] Fetched 41 reviews.
[2026-04-11 04:46:35] No new reviews.
[2026-04-11 06:03:30] GBP Review Monitor starting...
[2026-04-11 06:03:32] Fetched 41 reviews.
[2026-04-11 06:03:32] No new reviews.
[2026-04-11 07:18:19] GBP Review Monitor starting...
[2026-04-11 07:18:20] Fetched 41 reviews.
[2026-04-11 07:18:20] No new reviews.
[2026-04-11 08:04:34] GBP Review Monitor starting...
[2026-04-11 08:04:35] Fetched 41 reviews.
[2026-04-11 08:04:35] No new reviews.
[2026-04-11 09:02:59] GBP Review Monitor starting...
[2026-04-11 09:02:59] Fetched 41 reviews.
[2026-04-11 09:02:59] No new reviews.
[2026-04-11 09:58:26] GBP Review Monitor starting...
[2026-04-11 09:58:28] Fetched 41 reviews.
[2026-04-11 09:58:28] No new reviews.
