[2026-04-05 19:24:44] GBP Reply Poller starting...
[2026-04-05 19:24:46] No new reply emails found.
[2026-04-05 19:56:46] GBP Reply Poller starting...
[2026-04-05 19:56:47] No new reply emails found.
[2026-04-05 20:46:20] GBP Reply Poller starting...
[2026-04-05 20:46:21] No new reply emails found.
[2026-04-05 21:18:42] GBP Reply Poller starting...
[2026-04-05 21:18:43] No new reply emails found.
[2026-04-05 21:52:49] GBP Reply Poller starting...
[2026-04-05 21:52:51] No new reply emails found.
[2026-04-05 22:31:28] GBP Reply Poller starting...
[2026-04-05 22:31:29] No new reply emails found.
[2026-04-05 23:03:03] GBP Reply Poller starting...
[2026-04-05 23:03:04] No new reply emails found.
[2026-04-05 23:48:23] GBP Reply Poller starting...
[2026-04-05 23:48:24] No new reply emails found.
[2026-04-06 01:14:33] GBP Reply Poller starting...
[2026-04-06 01:14:35] No new reply emails found.
[2026-04-06 04:18:40] GBP Reply Poller starting...
[2026-04-06 04:18:40] No new reply emails found.
[2026-04-06 06:13:42] GBP Reply Poller starting...
[2026-04-06 06:13:43] No new reply emails found.
[2026-04-06 08:05:20] GBP Reply Poller starting...
[2026-04-06 08:05:22] No new reply emails found.
[2026-04-06 09:40:37] GBP Reply Poller starting...
[2026-04-06 09:40:38] No new reply emails found.
[2026-04-06 10:42:26] GBP Reply Poller starting...
[2026-04-06 10:42:27] No new reply emails found.
[2026-04-06 11:37:29] GBP Reply Poller starting...
[2026-04-06 11:37:30] No new reply emails found.
[2026-04-06 12:36:44] GBP Reply Poller starting...
[2026-04-06 12:36:45] No new reply emails found.
[2026-04-06 13:58:53] GBP Reply Poller starting...
[2026-04-06 13:58:53] No new reply emails found.
[2026-04-06 15:01:38] GBP Reply Poller starting...
[2026-04-06 15:01:39] No new reply emails found.
[2026-04-06 15:59:06] GBP Reply Poller starting...
[2026-04-06 15:59:06] No new reply emails found.
[2026-04-06 17:01:21] GBP Reply Poller starting...
[2026-04-06 17:01:22] No new reply emails found.
[2026-04-06 18:00:38] GBP Reply Poller starting...
[2026-04-06 18:00:39] No new reply emails found.
[2026-04-06 19:16:11] GBP Reply Poller starting...
[2026-04-06 19:16:12] No new reply emails found.
[2026-04-06 20:01:42] GBP Reply Poller starting...
[2026-04-06 20:01:42] No new reply emails found.
[2026-04-06 20:52:18] GBP Reply Poller starting...
[2026-04-06 20:52:20] No new reply emails found.
[2026-04-06 21:36:51] GBP Reply Poller starting...
[2026-04-06 21:36:52] No new reply emails found.
[2026-04-06 22:05:30] GBP Reply Poller starting...
[2026-04-06 22:05:31] No new reply emails found.
[2026-04-06 22:55:28] GBP Reply Poller starting...
[2026-04-06 22:55:30] No new reply emails found.
[2026-04-06 23:43:38] GBP Reply Poller starting...
[2026-04-06 23:43:38] No new reply emails found.
[2026-04-07 01:03:55] GBP Reply Poller starting...
[2026-04-07 01:03:57] No new reply emails found.
[2026-04-07 04:05:26] GBP Reply Poller starting...
[2026-04-07 04:05:27] No new reply emails found.
[2026-04-07 05:55:36] GBP Reply Poller starting...
[2026-04-07 05:55:37] No new reply emails found.
[2026-04-07 07:44:08] GBP Reply Poller starting...
[2026-04-07 07:44:10] No new reply emails found.
[2026-04-07 08:46:40] GBP Reply Poller starting...
[2026-04-07 08:46:42] No new reply emails found.
[2026-04-07 09:54:44] GBP Reply Poller starting...
[2026-04-07 09:54:44] No new reply emails found.
[2026-04-07 11:02:50] GBP Reply Poller starting...
[2026-04-07 11:02:50] No new reply emails found.
[2026-04-07 12:00:32] GBP Reply Poller starting...
[2026-04-07 12:00:33] No new reply emails found.
[2026-04-07 13:57:28] GBP Reply Poller starting...
[2026-04-07 13:57:29] No new reply emails found.
[2026-04-07 15:21:25] GBP Reply Poller starting...
[2026-04-07 15:21:26] No new reply emails found.
[2026-04-07 16:33:58] GBP Reply Poller starting...
[2026-04-07 16:33:59] No new reply emails found.
[2026-04-07 17:38:21] GBP Reply Poller starting...
[2026-04-07 17:38:22] No new reply emails found.
[2026-04-07 18:38:21] GBP Reply Poller starting...
[2026-04-07 18:38:22] No new reply emails found.
[2026-04-07 19:44:30] GBP Reply Poller starting...
[2026-04-07 19:44:31] No new reply emails found.
[2026-04-07 20:31:38] GBP Reply Poller starting...
[2026-04-07 20:31:40] No new reply emails found.
[2026-04-07 21:28:10] GBP Reply Poller starting...
[2026-04-07 21:28:12] No new reply emails found.
[2026-04-07 22:08:28] GBP Reply Poller starting...
[2026-04-07 22:08:29] No new reply emails found.
[2026-04-07 22:58:55] GBP Reply Poller starting...
[2026-04-07 22:58:57] No new reply emails found.
[2026-04-07 23:51:16] GBP Reply Poller starting...
[2026-04-07 23:51:18] No new reply emails found.
[2026-04-08 02:02:55] GBP Reply Poller starting...
[2026-04-08 02:02:56] No new reply emails found.
[2026-04-08 04:44:31] GBP Reply Poller starting...
[2026-04-08 04:44:32] No new reply emails found.
[2026-04-08 06:12:26] GBP Reply Poller starting...
[2026-04-08 06:12:27] No new reply emails found.
[2026-04-08 07:54:55] GBP Reply Poller starting...
[2026-04-08 07:54:56] No new reply emails found.
[2026-04-08 09:10:36] GBP Reply Poller starting...
[2026-04-08 09:10:37] No new reply emails found.
[2026-04-08 10:18:58] GBP Reply Poller starting...
[2026-04-08 10:18:58] No new reply emails found.
[2026-04-08 11:28:18] GBP Reply Poller starting...
[2026-04-08 11:28:19] No new reply emails found.
[2026-04-08 12:11:00] GBP Reply Poller starting...
[2026-04-08 12:11:01] No new reply emails found.
[2026-04-08 14:04:33] GBP Reply Poller starting...
[2026-04-08 14:04:36] No new reply emails found.
[2026-04-08 15:41:38] GBP Reply Poller starting...
[2026-04-08 15:41:40] No new reply emails found.
[2026-04-08 16:46:28] GBP Reply Poller starting...
[2026-04-08 16:46:29] No new reply emails found.
[2026-04-08 17:55:03] GBP Reply Poller starting...
[2026-04-08 17:55:06] No new reply emails found.
[2026-04-08 19:24:04] GBP Reply Poller starting...
[2026-04-08 19:24:06] No new reply emails found.
[2026-04-08 20:11:57] GBP Reply Poller starting...
[2026-04-08 20:12:00] No new reply emails found.
[2026-04-08 21:03:37] GBP Reply Poller starting...
[2026-04-08 21:03:38] No new reply emails found.
[2026-04-08 21:57:41] GBP Reply Poller starting...
[2026-04-08 21:57:42] No new reply emails found.
[2026-04-08 22:55:06] GBP Reply Poller starting...
[2026-04-08 22:55:08] No new reply emails found.
[2026-04-08 23:45:05] GBP Reply Poller starting...
[2026-04-08 23:45:05] No new reply emails found.
[2026-04-09 00:56:04] GBP Reply Poller starting...
[2026-04-09 00:56:06] No new reply emails found.
[2026-04-09 03:51:49] GBP Reply Poller starting...
[2026-04-09 03:51:50] No new reply emails found.
[2026-04-09 05:47:23] GBP Reply Poller starting...
[2026-04-09 05:47:24] No new reply emails found.
[2026-04-09 07:06:13] GBP Reply Poller starting...
[2026-04-09 07:06:14] No new reply emails found.
[2026-04-09 08:46:58] GBP Reply Poller starting...
[2026-04-09 08:46:59] No new reply emails found.
[2026-04-09 09:59:47] GBP Reply Poller starting...
[2026-04-09 09:59:48] No new reply emails found.
[2026-04-09 11:13:22] GBP Reply Poller starting...
[2026-04-09 11:13:23] No new reply emails found.
[2026-04-09 12:06:46] GBP Reply Poller starting...
[2026-04-09 12:06:47] No new reply emails found.
[2026-04-09 14:14:10] GBP Reply Poller starting...
[2026-04-09 14:14:13] No new reply emails found.
[2026-04-09 15:57:15] GBP Reply Poller starting...
[2026-04-09 15:57:16] No new reply emails found.
[2026-04-09 17:17:49] GBP Reply Poller starting...
[2026-04-09 17:17:50] No new reply emails found.
[2026-04-09 18:15:31] GBP Reply Poller starting...
[2026-04-09 18:15:32] No new reply emails found.
[2026-04-09 19:42:33] GBP Reply Poller starting...
[2026-04-09 19:42:34] No new reply emails found.
[2026-04-09 20:35:32] GBP Reply Poller starting...
[2026-04-09 20:35:33] No new reply emails found.
[2026-04-09 21:30:43] GBP Reply Poller starting...
[2026-04-09 21:30:43] No new reply emails found.
[2026-04-09 22:22:51] GBP Reply Poller starting...
[2026-04-09 22:22:52] No new reply emails found.
[2026-04-09 23:08:49] GBP Reply Poller starting...
[2026-04-09 23:08:49] No new reply emails found.
[2026-04-09 23:53:57] GBP Reply Poller starting...
[2026-04-09 23:53:57] No new reply emails found.
[2026-04-10 02:50:23] GBP Reply Poller starting...
[2026-04-10 02:50:24] No new reply emails found.
[2026-04-10 05:19:38] GBP Reply Poller starting...
[2026-04-10 05:19:39] No new reply emails found.
[2026-04-10 07:05:33] GBP Reply Poller starting...
[2026-04-10 07:05:34] No new reply emails found.
[2026-04-10 08:46:03] GBP Reply Poller starting...
[2026-04-10 08:46:04] No new reply emails found.
[2026-04-10 09:56:30] GBP Reply Poller starting...
[2026-04-10 09:56:31] No new reply emails found.
[2026-04-10 11:04:33] GBP Reply Poller starting...
[2026-04-10 11:04:34] No new reply emails found.
[2026-04-10 11:58:43] GBP Reply Poller starting...
[2026-04-10 11:58:44] No new reply emails found.
[2026-04-10 13:43:55] GBP Reply Poller starting...
[2026-04-10 13:43:56] No new reply emails found.
[2026-04-10 14:39:29] GBP Reply Poller starting...
[2026-04-10 14:39:30] No new reply emails found.
[2026-04-10 15:35:46] GBP Reply Poller starting...
[2026-04-10 15:35:47] No new reply emails found.
[2026-04-10 16:35:12] GBP Reply Poller starting...
[2026-04-10 16:35:13] No new reply emails found.
[2026-04-10 17:33:44] GBP Reply Poller starting...
[2026-04-10 17:33:46] No new reply emails found.
[2026-04-10 18:32:03] GBP Reply Poller starting...
[2026-04-10 18:32:04] No new reply emails found.
[2026-04-10 19:29:50] GBP Reply Poller starting...
[2026-04-10 19:29:52] No new reply emails found.
[2026-04-10 20:05:48] GBP Reply Poller starting...
[2026-04-10 20:05:49] No new reply emails found.
[2026-04-10 20:55:51] GBP Reply Poller starting...
[2026-04-10 20:55:52] No new reply emails found.
[2026-04-10 21:50:13] GBP Reply Poller starting...
[2026-04-10 21:50:14] No new reply emails found.
[2026-04-10 22:30:06] GBP Reply Poller starting...
[2026-04-10 22:30:07] No new reply emails found.
[2026-04-10 23:07:07] GBP Reply Poller starting...
[2026-04-10 23:07:08] No new reply emails found.
[2026-04-10 23:52:08] GBP Reply Poller starting...
[2026-04-10 23:52:09] No new reply emails found.
[2026-04-11 02:05:40] GBP Reply Poller starting...
[2026-04-11 02:05:41] No new reply emails found.
[2026-04-11 04:28:28] GBP Reply Poller starting...
[2026-04-11 04:28:30] No new reply emails found.
[2026-04-11 05:45:52] GBP Reply Poller starting...
[2026-04-11 05:45:53] No new reply emails found.
[2026-04-11 06:43:31] GBP Reply Poller starting...
[2026-04-11 06:43:32] No new reply emails found.
[2026-04-11 07:40:05] GBP Reply Poller starting...
[2026-04-11 07:40:06] No new reply emails found.
[2026-04-11 08:26:33] GBP Reply Poller starting...
[2026-04-11 08:26:33] No new reply emails found.
[2026-04-11 09:10:48] GBP Reply Poller starting...
[2026-04-11 09:10:49] No new reply emails found.
[2026-04-11 09:58:30] GBP Reply Poller starting...
[2026-04-11 09:58:31] No new reply emails found.
[2026-04-11 10:50:01] GBP Reply Poller starting...
[2026-04-11 10:50:02] No new reply emails found.
[2026-04-11 11:24:28] GBP Reply Poller starting...
[2026-04-11 11:24:30] No new reply emails found.
[2026-04-11 11:55:26] GBP Reply Poller starting...
[2026-04-11 11:55:27] No new reply emails found.
[2026-04-11 13:15:07] GBP Reply Poller starting...
[2026-04-11 13:15:07] No new reply emails found.
[2026-04-11 14:03:19] GBP Reply Poller starting...
[2026-04-11 14:03:20] No new reply emails found.
[2026-04-11 14:52:47] GBP Reply Poller starting...
[2026-04-11 14:52:48] No new reply emails found.
[2026-04-11 15:33:58] GBP Reply Poller starting...
[2026-04-11 15:33:59] No new reply emails found.
[2026-04-11 16:02:00] GBP Reply Poller starting...
[2026-04-11 16:02:01] No new reply emails found.
[2026-04-11 16:53:02] GBP Reply Poller starting...
[2026-04-11 16:53:02] No new reply emails found.
[2026-04-11 17:32:12] GBP Reply Poller starting...
[2026-04-11 17:32:13] No new reply emails found.
[2026-04-11 18:01:10] GBP Reply Poller starting...
[2026-04-11 18:01:11] No new reply emails found.
[2026-04-11 19:02:56] GBP Reply Poller starting...
[2026-04-11 19:02:57] No new reply emails found.
[2026-04-11 19:47:36] GBP Reply Poller starting...
[2026-04-11 19:47:37] No new reply emails found.
[2026-04-11 20:17:16] GBP Reply Poller starting...
[2026-04-11 20:17:18] No new reply emails found.
[2026-04-11 20:55:21] GBP Reply Poller starting...
[2026-04-11 20:55:22] No new reply emails found.
[2026-04-11 21:40:34] GBP Reply Poller starting...
[2026-04-11 21:40:35] No new reply emails found.
[2026-04-11 22:03:05] GBP Reply Poller starting...
[2026-04-11 22:03:06] No new reply emails found.
[2026-04-11 22:50:17] GBP Reply Poller starting...
[2026-04-11 22:50:17] No new reply emails found.
[2026-04-11 23:27:02] GBP Reply Poller starting...
[2026-04-11 23:27:03] No new reply emails found.
[2026-04-12 00:01:37] GBP Reply Poller starting...
[2026-04-12 00:01:38] No new reply emails found.
[2026-04-12 03:43:11] GBP Reply Poller starting...
[2026-04-12 03:43:12] No new reply emails found.
[2026-04-12 05:47:43] GBP Reply Poller starting...
[2026-04-12 05:47:44] No new reply emails found.
[2026-04-12 07:00:17] GBP Reply Poller starting...
[2026-04-12 07:00:18] No new reply emails found.
[2026-04-12 08:08:08] GBP Reply Poller starting...
[2026-04-12 08:08:09] No new reply emails found.
[2026-04-12 09:05:59] GBP Reply Poller starting...
[2026-04-12 09:06:00] No new reply emails found.
[2026-04-12 10:00:01] GBP Reply Poller starting...
[2026-04-12 10:00:02] No new reply emails found.
[2026-04-12 10:55:07] GBP Reply Poller starting...
[2026-04-12 10:55:08] No new reply emails found.
[2026-04-12 11:39:10] GBP Reply Poller starting...
[2026-04-12 11:39:11] No new reply emails found.
[2026-04-12 12:03:59] GBP Reply Poller starting...
[2026-04-12 12:04:00] No new reply emails found.
[2026-04-12 13:33:04] GBP Reply Poller starting...
[2026-04-12 13:33:05] No new reply emails found.
[2026-04-12 14:22:13] GBP Reply Poller starting...
[2026-04-12 14:22:14] No new reply emails found.
[2026-04-12 15:04:15] GBP Reply Poller starting...
[2026-04-12 15:04:17] No new reply emails found.
[2026-04-12 15:50:43] GBP Reply Poller starting...
[2026-04-12 15:50:44] No new reply emails found.
[2026-04-12 16:31:49] GBP Reply Poller starting...
[2026-04-12 16:31:50] No new reply emails found.
[2026-04-12 17:08:17] GBP Reply Poller starting...
[2026-04-12 17:08:18] No new reply emails found.
[2026-04-12 17:52:34] GBP Reply Poller starting...
[2026-04-12 17:52:34] No new reply emails found.
[2026-04-12 18:50:15] GBP Reply Poller starting...
[2026-04-12 18:50:16] No new reply emails found.
[2026-04-12 19:34:34] GBP Reply Poller starting...
[2026-04-12 19:34:35] No new reply emails found.
[2026-04-12 20:03:26] GBP Reply Poller starting...
[2026-04-12 20:03:27] No new reply emails found.
[2026-04-12 20:51:20] GBP Reply Poller starting...
[2026-04-12 20:51:21] No new reply emails found.
[2026-04-12 21:31:11] GBP Reply Poller starting...
[2026-04-12 21:31:12] No new reply emails found.
[2026-04-12 22:01:58] GBP Reply Poller starting...
[2026-04-12 22:01:59] No new reply emails found.
[2026-04-12 22:52:44] GBP Reply Poller starting...
[2026-04-12 22:52:45] No new reply emails found.
[2026-04-12 23:34:54] GBP Reply Poller starting...
[2026-04-12 23:34:55] No new reply emails found.
[2026-04-13 00:05:55] GBP Reply Poller starting...
[2026-04-13 00:05:56] No new reply emails found.
[2026-04-13 03:51:57] GBP Reply Poller starting...
[2026-04-13 03:51:58] No new reply emails found.
[2026-04-13 06:12:56] GBP Reply Poller starting...
[2026-04-13 06:12:58] No new reply emails found.
[2026-04-13 08:25:00] GBP Reply Poller starting...
[2026-04-13 08:25:01] No new reply emails found.
[2026-04-13 10:16:07] GBP Reply Poller starting...
[2026-04-13 10:16:08] No new reply emails found.
[2026-04-13 11:46:09] GBP Reply Poller starting...
[2026-04-13 11:46:11] No new reply emails found.
[2026-04-13 12:52:27] GBP Reply Poller starting...
[2026-04-13 12:52:29] No new reply emails found.
[2026-04-13 14:48:09] GBP Reply Poller starting...
[2026-04-13 14:48:11] No new reply emails found.
[2026-04-13 16:04:03] GBP Reply Poller starting...
[2026-04-13 16:04:05] No new reply emails found.
[2026-04-13 17:18:29] GBP Reply Poller starting...
[2026-04-13 17:18:31] No new reply emails found.
[2026-04-13 18:43:05] GBP Reply Poller starting...
[2026-04-13 18:43:06] No new reply emails found.
[2026-04-13 19:55:50] GBP Reply Poller starting...
[2026-04-13 19:55:51] No new reply emails found.
[2026-04-13 21:04:17] GBP Reply Poller starting...
[2026-04-13 21:04:19] No new reply emails found.
[2026-04-13 22:00:21] GBP Reply Poller starting...
[2026-04-13 22:00:23] No new reply emails found.
[2026-04-13 22:58:48] GBP Reply Poller starting...
[2026-04-13 22:58:49] No new reply emails found.
[2026-04-13 23:54:20] GBP Reply Poller starting...
[2026-04-13 23:54:21] No new reply emails found.
[2026-04-14 02:56:03] GBP Reply Poller starting...
[2026-04-14 02:56:03] No new reply emails found.
[2026-04-14 05:30:52] GBP Reply Poller starting...
[2026-04-14 05:30:54] No new reply emails found.
[2026-04-14 07:09:57] GBP Reply Poller starting...
[2026-04-14 07:09:59] No new reply emails found.
[2026-04-14 08:55:52] GBP Reply Poller starting...
[2026-04-14 08:55:55] No new reply emails found.
[2026-04-14 10:22:15] GBP Reply Poller starting...
[2026-04-14 10:22:16] No new reply emails found.
[2026-04-14 11:36:59] GBP Reply Poller starting...
[2026-04-14 11:37:00] No new reply emails found.
[2026-04-14 12:45:16] GBP Reply Poller starting...
[2026-04-14 12:45:17] No new reply emails found.
[2026-04-14 14:29:35] GBP Reply Poller starting...
[2026-04-14 14:29:36] No new reply emails found.
[2026-04-14 15:53:31] GBP Reply Poller starting...
[2026-04-14 15:53:33] No new reply emails found.
[2026-04-14 17:12:19] GBP Reply Poller starting...
[2026-04-14 17:12:20] No new reply emails found.
[2026-04-14 18:19:04] GBP Reply Poller starting...
[2026-04-14 18:19:05] No new reply emails found.
[2026-04-14 19:47:03] GBP Reply Poller starting...
[2026-04-14 19:47:04] No new reply emails found.
[2026-04-14 20:38:54] GBP Reply Poller starting...
[2026-04-14 20:38:55] No new reply emails found.
[2026-04-14 21:35:42] GBP Reply Poller starting...
[2026-04-14 21:35:43] No new reply emails found.
[2026-04-14 22:29:22] GBP Reply Poller starting...
[2026-04-14 22:29:23] No new reply emails found.
[2026-04-14 23:26:42] GBP Reply Poller starting...
[2026-04-14 23:26:43] No new reply emails found.
[2026-04-15 00:09:46] GBP Reply Poller starting...
[2026-04-15 00:09:47] No new reply emails found.
[2026-04-15 03:42:50] GBP Reply Poller starting...
[2026-04-15 03:42:51] No new reply emails found.
[2026-04-15 05:52:45] GBP Reply Poller starting...
[2026-04-15 05:52:48] No new reply emails found.
[2026-04-15 07:45:32] GBP Reply Poller starting...
[2026-04-15 07:45:33] No new reply emails found.
[2026-04-15 09:07:26] GBP Reply Poller starting...
[2026-04-15 09:07:27] No new reply emails found.
[2026-04-15 10:39:02] GBP Reply Poller starting...
[2026-04-15 10:39:04] No new reply emails found.
[2026-04-15 11:41:02] GBP Reply Poller starting...
[2026-04-15 11:41:03] No new reply emails found.
[2026-04-15 12:47:53] GBP Reply Poller starting...
[2026-04-15 12:47:53] No new reply emails found.
[2026-04-15 14:23:31] GBP Reply Poller starting...
[2026-04-15 14:23:32] No new reply emails found.
[2026-04-15 15:47:37] GBP Reply Poller starting...
[2026-04-15 15:47:38] No new reply emails found.
[2026-04-15 16:47:42] GBP Reply Poller starting...
[2026-04-15 16:47:43] No new reply emails found.
[2026-04-15 17:55:57] GBP Reply Poller starting...
[2026-04-15 17:56:00] No new reply emails found.
[2026-04-15 19:39:37] GBP Reply Poller starting...
[2026-04-15 19:39:38] No new reply emails found.
[2026-04-15 20:30:25] GBP Reply Poller starting...
[2026-04-15 20:30:26] No new reply emails found.
[2026-04-15 21:32:37] GBP Reply Poller starting...
[2026-04-15 21:32:39] No new reply emails found.
[2026-04-15 22:25:04] GBP Reply Poller starting...
[2026-04-15 22:25:06] No new reply emails found.
[2026-04-15 23:12:21] GBP Reply Poller starting...
[2026-04-15 23:12:22] No new reply emails found.
[2026-04-16 00:01:42] GBP Reply Poller starting...
[2026-04-16 00:01:42] No new reply emails found.
[2026-04-16 03:43:48] GBP Reply Poller starting...
[2026-04-16 03:43:50] No new reply emails found.
[2026-04-16 05:53:07] GBP Reply Poller starting...
[2026-04-16 05:53:08] No new reply emails found.
[2026-04-16 07:48:41] GBP Reply Poller starting...
[2026-04-16 07:48:42] No new reply emails found.
[2026-04-16 09:08:05] GBP Reply Poller starting...
[2026-04-16 09:08:06] No new reply emails found.
[2026-04-16 10:41:08] GBP Reply Poller starting...
[2026-04-16 10:41:10] No new reply emails found.
[2026-04-16 11:44:06] GBP Reply Poller starting...
[2026-04-16 11:44:07] No new reply emails found.
[2026-04-16 12:54:49] GBP Reply Poller starting...
[2026-04-16 12:54:50] No new reply emails found.
[2026-04-16 15:00:22] GBP Reply Poller starting...
[2026-04-16 15:00:23] No new reply emails found.
[2026-04-16 16:46:43] GBP Reply Poller starting...
[2026-04-16 16:46:45] No new reply emails found.
[2026-04-16 17:59:57] GBP Reply Poller starting...
[2026-04-16 17:59:58] No new reply emails found.
[2026-04-16 19:36:13] GBP Reply Poller starting...
[2026-04-16 19:36:14] No new reply emails found.
[2026-04-16 20:29:49] GBP Reply Poller starting...
[2026-04-16 20:29:50] No new reply emails found.
[2026-04-16 21:25:03] GBP Reply Poller starting...
[2026-04-16 21:25:04] No new reply emails found.
[2026-04-16 22:08:38] GBP Reply Poller starting...
[2026-04-16 22:08:39] No new reply emails found.
[2026-04-16 23:03:13] GBP Reply Poller starting...
[2026-04-16 23:03:14] No new reply emails found.
[2026-04-16 23:55:48] GBP Reply Poller starting...
[2026-04-16 23:55:49] No new reply emails found.
[2026-04-17 03:34:33] GBP Reply Poller starting...
[2026-04-17 03:34:34] No new reply emails found.
[2026-04-17 05:51:31] GBP Reply Poller starting...
[2026-04-17 05:51:32] No new reply emails found.
[2026-04-17 07:28:20] GBP Reply Poller starting...
[2026-04-17 07:28:20] No new reply emails found.
[2026-04-17 09:04:16] GBP Reply Poller starting...
[2026-04-17 09:04:16] No new reply emails found.
[2026-04-17 10:22:20] GBP Reply Poller starting...
[2026-04-17 10:22:22] No new reply emails found.
[2026-04-17 11:29:54] GBP Reply Poller starting...
[2026-04-17 11:29:55] No new reply emails found.
[2026-04-17 12:40:09] GBP Reply Poller starting...
[2026-04-17 12:40:10] No new reply emails found.
[2026-04-17 14:08:53] GBP Reply Poller starting...
[2026-04-17 14:08:54] No new reply emails found.
[2026-04-17 15:17:02] GBP Reply Poller starting...
[2026-04-17 15:17:04] No new reply emails found.
[2026-04-17 16:16:57] GBP Reply Poller starting...
[2026-04-17 16:16:59] No new reply emails found.
[2026-04-17 17:12:12] GBP Reply Poller starting...
[2026-04-17 17:12:12] No new reply emails found.
[2026-04-17 18:07:44] GBP Reply Poller starting...
[2026-04-17 18:07:45] No new reply emails found.
[2026-04-17 19:31:48] GBP Reply Poller starting...
[2026-04-17 19:31:49] No new reply emails found.
[2026-04-17 20:23:45] GBP Reply Poller starting...
[2026-04-17 20:23:46] No new reply emails found.
[2026-04-17 21:09:57] GBP Reply Poller starting...
[2026-04-17 21:09:58] No new reply emails found.
[2026-04-17 22:02:30] GBP Reply Poller starting...
[2026-04-17 22:02:30] No new reply emails found.
[2026-04-17 22:58:59] GBP Reply Poller starting...
[2026-04-17 22:59:00] No new reply emails found.
[2026-04-17 23:51:58] GBP Reply Poller starting...
[2026-04-17 23:51:59] No new reply emails found.
[2026-04-18 02:09:26] GBP Reply Poller starting...
[2026-04-18 02:09:27] No new reply emails found.
[2026-04-18 04:41:38] GBP Reply Poller starting...
[2026-04-18 04:41:40] No new reply emails found.
[2026-04-18 06:04:04] GBP Reply Poller starting...
[2026-04-18 06:04:05] No new reply emails found.
[2026-04-18 07:33:59] GBP Reply Poller starting...
[2026-04-18 07:34:00] No new reply emails found.
[2026-04-18 08:25:17] GBP Reply Poller starting...
[2026-04-18 08:25:18] No new reply emails found.
[2026-04-18 09:26:11] GBP Reply Poller starting...
[2026-04-18 09:26:13] No new reply emails found.
[2026-04-18 10:10:25] GBP Reply Poller starting...
[2026-04-18 10:10:26] No new reply emails found.
[2026-04-18 11:03:03] GBP Reply Poller starting...
[2026-04-18 11:03:04] No new reply emails found.
[2026-04-18 11:47:21] GBP Reply Poller starting...
[2026-04-18 11:47:22] No new reply emails found.
[2026-04-18 12:29:53] GBP Reply Poller starting...
[2026-04-18 12:29:54] No new reply emails found.
[2026-04-18 13:45:40] GBP Reply Poller starting...
[2026-04-18 13:45:41] No new reply emails found.
[2026-04-18 14:30:44] GBP Reply Poller starting...
[2026-04-18 14:30:45] No new reply emails found.
[2026-04-18 15:21:41] GBP Reply Poller starting...
[2026-04-18 15:21:42] No new reply emails found.
[2026-04-18 15:59:49] GBP Reply Poller starting...
[2026-04-18 15:59:51] No new reply emails found.
[2026-04-18 16:55:14] GBP Reply Poller starting...
[2026-04-18 16:55:15] No new reply emails found.
[2026-04-18 17:42:12] GBP Reply Poller starting...
[2026-04-18 17:42:13] No new reply emails found.
[2026-04-18 18:26:11] GBP Reply Poller starting...
[2026-04-18 18:26:12] No new reply emails found.
[2026-04-18 19:25:28] GBP Reply Poller starting...
[2026-04-18 19:25:29] No new reply emails found.
[2026-04-18 20:02:32] GBP Reply Poller starting...
[2026-04-18 20:02:33] No new reply emails found.
[2026-04-18 20:51:32] GBP Reply Poller starting...
[2026-04-18 20:51:33] No new reply emails found.
[2026-04-18 21:31:53] GBP Reply Poller starting...
[2026-04-18 21:31:54] No new reply emails found.
[2026-04-18 22:02:54] GBP Reply Poller starting...
[2026-04-18 22:02:55] No new reply emails found.
[2026-04-18 22:53:18] GBP Reply Poller starting...
[2026-04-18 22:53:19] No new reply emails found.
[2026-04-18 23:37:01] GBP Reply Poller starting...
[2026-04-18 23:37:01] No new reply emails found.
[2026-04-19 00:05:13] GBP Reply Poller starting...
[2026-04-19 00:05:14] No new reply emails found.
[2026-04-19 03:48:52] GBP Reply Poller starting...
[2026-04-19 03:48:54] No new reply emails found.
[2026-04-19 05:52:45] GBP Reply Poller starting...
[2026-04-19 05:52:46] No new reply emails found.
[2026-04-19 07:20:06] GBP Reply Poller starting...
[2026-04-19 07:20:07] No new reply emails found.
[2026-04-19 08:30:49] GBP Reply Poller starting...
[2026-04-19 08:30:50] No new reply emails found.
[2026-04-19 09:27:42] GBP Reply Poller starting...
[2026-04-19 09:27:43] No new reply emails found.
[2026-04-19 10:10:31] GBP Reply Poller starting...
[2026-04-19 10:10:32] No new reply emails found.
[2026-04-19 11:02:04] GBP Reply Poller starting...
[2026-04-19 11:02:05] No new reply emails found.
[2026-04-19 11:48:07] GBP Reply Poller starting...
[2026-04-19 11:48:09] No new reply emails found.
[2026-04-19 12:31:15] GBP Reply Poller starting...
[2026-04-19 12:31:17] No new reply emails found.
[2026-04-19 13:44:15] GBP Reply Poller starting...
[2026-04-19 13:44:16] Found 1 unread reply email(s).
[2026-04-19 13:44:16] Processing reply for REV-6D782733 from Evelin Montenegro <Evelin@blackhilltx.com>
[2026-04-19 13:44:16] Custom response received for REV-6D782733: Approved


[cid:62915d94-de76-4007-9af4-93774f50e88c]
Evelin Montenegro
Founder ...
[2026-04-19 13:44:17] Archived to /home/runner/work/blackhill-lead-monitor/blackhill-lead-monitor/data/gbp/responded/q4aN7p94i9gJyZexwpfreNXbr9Hy20wAXZRx58Pg.json
[2026-04-19 13:44:17] Confirmation email failed: Connection unexpectedly closed
[2026-04-19 13:44:17] Done. Processed 1/1 reply email(s).
[2026-04-19 14:30:10] GBP Reply Poller starting...
[2026-04-19 14:30:11] No new reply emails found.
[2026-04-19 15:21:50] GBP Reply Poller starting...
[2026-04-19 15:21:51] No new reply emails found.
[2026-04-19 16:00:23] GBP Reply Poller starting...
[2026-04-19 16:00:24] No new reply emails found.
[2026-04-19 16:55:25] GBP Reply Poller starting...
[2026-04-19 16:55:26] No new reply emails found.
[2026-04-19 17:42:17] GBP Reply Poller starting...
[2026-04-19 17:42:18] No new reply emails found.
[2026-04-19 18:26:36] GBP Reply Poller starting...
[2026-04-19 18:26:37] No new reply emails found.
[2026-04-19 19:26:11] GBP Reply Poller starting...
[2026-04-19 19:26:13] No new reply emails found.
[2026-04-19 20:03:05] GBP Reply Poller starting...
[2026-04-19 20:03:06] No new reply emails found.
[2026-04-19 20:52:13] GBP Reply Poller starting...
[2026-04-19 20:52:14] No new reply emails found.
[2026-04-19 21:34:40] GBP Reply Poller starting...
[2026-04-19 21:34:41] No new reply emails found.
[2026-04-19 22:04:15] GBP Reply Poller starting...
[2026-04-19 22:04:16] No new reply emails found.
[2026-04-19 22:54:31] GBP Reply Poller starting...
[2026-04-19 22:54:32] No new reply emails found.
[2026-04-19 23:42:02] GBP Reply Poller starting...
[2026-04-19 23:42:03] No new reply emails found.
[2026-04-20 01:11:26] GBP Reply Poller starting...
[2026-04-20 01:11:27] No new reply emails found.
[2026-04-20 04:31:26] GBP Reply Poller starting...
[2026-04-20 04:31:26] No new reply emails found.
[2026-04-20 06:35:02] GBP Reply Poller starting...
[2026-04-20 06:35:03] No new reply emails found.
[2026-04-20 09:00:08] GBP Reply Poller starting...
[2026-04-20 09:00:09] No new reply emails found.
[2026-04-20 10:56:41] GBP Reply Poller starting...
[2026-04-20 10:56:42] No new reply emails found.
[2026-04-20 12:10:25] GBP Reply Poller starting...
[2026-04-20 12:10:26] No new reply emails found.
[2026-04-20 14:14:33] GBP Reply Poller starting...
[2026-04-20 14:14:34] No new reply emails found.
[2026-04-20 15:47:42] GBP Reply Poller starting...
[2026-04-20 15:47:44] No new reply emails found.
[2026-04-20 16:50:11] GBP Reply Poller starting...
[2026-04-20 16:50:11] No new reply emails found.
[2026-04-20 17:52:22] GBP Reply Poller starting...
[2026-04-20 17:52:23] No new reply emails found.
[2026-04-20 19:03:58] GBP Reply Poller starting...
[2026-04-20 19:03:59] No new reply emails found.
[2026-04-20 20:06:18] GBP Reply Poller starting...
[2026-04-20 20:06:20] No new reply emails found.
[2026-04-20 21:01:07] GBP Reply Poller starting...
[2026-04-20 21:01:08] No new reply emails found.
[2026-04-20 21:58:35] GBP Reply Poller starting...
[2026-04-20 21:58:36] No new reply emails found.
[2026-04-20 22:57:46] GBP Reply Poller starting...
[2026-04-20 22:57:46] No new reply emails found.
[2026-04-20 23:54:38] GBP Reply Poller starting...
[2026-04-20 23:54:40] No new reply emails found.
[2026-04-21 03:19:25] GBP Reply Poller starting...
[2026-04-21 03:19:26] No new reply emails found.
[2026-04-21 05:38:08] GBP Reply Poller starting...
[2026-04-21 05:38:09] No new reply emails found.
[2026-04-21 07:14:34] GBP Reply Poller starting...
[2026-04-21 07:14:34] No new reply emails found.
[2026-04-21 09:08:28] GBP Reply Poller starting...
[2026-04-21 09:08:30] No new reply emails found.
[2026-04-21 10:44:37] GBP Reply Poller starting...
[2026-04-21 10:44:39] No new reply emails found.
[2026-04-21 11:49:00] GBP Reply Poller starting...
[2026-04-21 11:49:01] No new reply emails found.
[2026-04-21 12:59:20] GBP Reply Poller starting...
[2026-04-21 12:59:21] No new reply emails found.
[2026-04-21 14:52:01] GBP Reply Poller starting...
[2026-04-21 14:52:02] No new reply emails found.
[2026-04-21 16:09:01] GBP Reply Poller starting...
[2026-04-21 16:09:02] No new reply emails found.
[2026-04-21 17:17:22] GBP Reply Poller starting...
[2026-04-21 17:17:23] No new reply emails found.
[2026-04-21 18:16:10] GBP Reply Poller starting...
[2026-04-21 18:16:11] No new reply emails found.
[2026-04-21 19:41:46] GBP Reply Poller starting...
[2026-04-21 19:41:47] No new reply emails found.
[2026-04-21 20:35:29] GBP Reply Poller starting...
[2026-04-21 20:35:30] No new reply emails found.
[2026-04-21 21:29:28] GBP Reply Poller starting...
[2026-04-21 21:29:29] No new reply emails found.
[2026-04-21 22:22:58] GBP Reply Poller starting...
[2026-04-21 22:22:59] No new reply emails found.
[2026-04-21 23:07:33] GBP Reply Poller starting...
[2026-04-21 23:07:34] No new reply emails found.
[2026-04-21 23:52:04] GBP Reply Poller starting...
[2026-04-21 23:52:05] No new reply emails found.
[2026-04-22 02:26:26] GBP Reply Poller starting...
[2026-04-22 02:26:27] No new reply emails found.
[2026-04-22 05:12:55] GBP Reply Poller starting...
[2026-04-22 05:12:56] No new reply emails found.
[2026-04-22 07:08:22] GBP Reply Poller starting...
[2026-04-22 07:08:24] No new reply emails found.
[2026-04-22 08:57:29] GBP Reply Poller starting...
[2026-04-22 08:57:30] No new reply emails found.
[2026-04-22 10:25:31] GBP Reply Poller starting...
[2026-04-22 10:25:32] No new reply emails found.
[2026-04-22 11:40:07] GBP Reply Poller starting...
[2026-04-22 11:40:07] No new reply emails found.
[2026-04-22 12:47:05] GBP Reply Poller starting...
[2026-04-22 12:47:07] No new reply emails found.
[2026-04-22 14:26:54] GBP Reply Poller starting...
[2026-04-22 14:26:55] No new reply emails found.
[2026-04-22 15:52:37] GBP Reply Poller starting...
[2026-04-22 15:52:38] No new reply emails found.
[2026-04-22 16:59:34] GBP Reply Poller starting...
[2026-04-22 16:59:35] No new reply emails found.
[2026-04-22 18:10:04] GBP Reply Poller starting...
[2026-04-22 18:10:06] No new reply emails found.
[2026-04-22 19:39:51] GBP Reply Poller starting...
[2026-04-22 19:39:52] No new reply emails found.
[2026-04-22 20:36:30] GBP Reply Poller starting...
[2026-04-22 20:36:31] No new reply emails found.
[2026-04-22 21:36:07] GBP Reply Poller starting...
[2026-04-22 21:36:08] No new reply emails found.
[2026-04-22 22:31:09] GBP Reply Poller starting...
[2026-04-22 22:31:10] No new reply emails found.
[2026-04-22 23:29:55] GBP Reply Poller starting...
[2026-04-22 23:29:55] No new reply emails found.
[2026-04-23 01:11:27] GBP Reply Poller starting...
[2026-04-23 01:11:28] No new reply emails found.
[2026-04-23 04:24:03] GBP Reply Poller starting...
[2026-04-23 04:24:04] No new reply emails found.
[2026-04-23 06:24:31] GBP Reply Poller starting...
[2026-04-23 06:24:32] No new reply emails found.
[2026-04-23 08:21:06] GBP Reply Poller starting...
[2026-04-23 08:21:09] No new reply emails found.
[2026-04-23 10:03:30] GBP Reply Poller starting...
[2026-04-23 10:03:30] No new reply emails found.
[2026-04-23 11:21:12] GBP Reply Poller starting...
[2026-04-23 11:21:13] No new reply emails found.
[2026-04-23 12:13:52] GBP Reply Poller starting...
[2026-04-23 12:13:53] No new reply emails found.
[2026-04-23 14:15:22] GBP Reply Poller starting...
[2026-04-23 14:15:24] No new reply emails found.
[2026-04-23 16:13:20] GBP Reply Poller starting...
[2026-04-23 16:13:21] No new reply emails found.
[2026-04-23 17:49:23] GBP Reply Poller starting...
[2026-04-23 17:49:23] No new reply emails found.
[2026-04-23 18:56:10] GBP Reply Poller starting...
[2026-04-23 18:56:11] No new reply emails found.
[2026-04-23 20:11:11] GBP Reply Poller starting...
[2026-04-23 20:11:13] No new reply emails found.
[2026-04-23 21:09:07] GBP Reply Poller starting...
[2026-04-23 21:09:09] No new reply emails found.
[2026-04-23 22:02:21] GBP Reply Poller starting...
[2026-04-23 22:02:21] No new reply emails found.
[2026-04-23 23:02:41] GBP Reply Poller starting...
[2026-04-23 23:02:42] No new reply emails found.
[2026-04-23 23:59:24] GBP Reply Poller starting...
[2026-04-23 23:59:24] No new reply emails found.
[2026-04-24 03:44:51] GBP Reply Poller starting...
[2026-04-24 03:44:52] No new reply emails found.
[2026-04-24 05:59:21] GBP Reply Poller starting...
[2026-04-24 05:59:22] No new reply emails found.
[2026-04-24 08:19:23] GBP Reply Poller starting...
[2026-04-24 08:19:24] No new reply emails found.
[2026-04-24 09:59:23] GBP Reply Poller starting...
[2026-04-24 09:59:24] No new reply emails found.
[2026-04-24 11:18:15] GBP Reply Poller starting...
[2026-04-24 11:18:16] No new reply emails found.
[2026-04-24 12:11:21] GBP Reply Poller starting...
[2026-04-24 12:11:22] No new reply emails found.
[2026-04-24 14:10:00] GBP Reply Poller starting...
[2026-04-24 14:10:01] No new reply emails found.
[2026-04-24 15:39:27] GBP Reply Poller starting...
[2026-04-24 15:39:28] No new reply emails found.
[2026-04-24 16:40:32] GBP Reply Poller starting...
[2026-04-24 16:40:34] No new reply emails found.
[2026-04-24 17:39:02] GBP Reply Poller starting...
[2026-04-24 17:39:03] No new reply emails found.
[2026-04-24 18:30:53] GBP Reply Poller starting...
[2026-04-24 18:30:55] No new reply emails found.
[2026-04-24 19:35:28] GBP Reply Poller starting...
[2026-04-24 19:35:29] No new reply emails found.
[2026-04-24 20:28:44] GBP Reply Poller starting...
[2026-04-24 20:28:46] No new reply emails found.
[2026-04-24 21:28:48] GBP Reply Poller starting...
[2026-04-24 21:28:49] No new reply emails found.
[2026-04-24 22:24:06] GBP Reply Poller starting...
[2026-04-24 22:24:07] No new reply emails found.
[2026-04-24 23:08:37] GBP Reply Poller starting...
[2026-04-24 23:08:38] No new reply emails found.
[2026-04-24 23:55:53] GBP Reply Poller starting...
[2026-04-24 23:55:53] No new reply emails found.
[2026-04-25 03:24:53] GBP Reply Poller starting...
[2026-04-25 03:24:54] No new reply emails found.
[2026-04-25 05:27:57] GBP Reply Poller starting...
[2026-04-25 05:27:58] No new reply emails found.
[2026-04-25 06:53:06] GBP Reply Poller starting...
[2026-04-25 06:53:06] No new reply emails found.
[2026-04-25 08:05:06] GBP Reply Poller starting...
[2026-04-25 08:05:07] No new reply emails found.
[2026-04-25 09:08:42] GBP Reply Poller starting...
[2026-04-25 09:08:43] No new reply emails found.
[2026-04-25 10:05:58] GBP Reply Poller starting...
[2026-04-25 10:05:59] No new reply emails found.
[2026-04-25 11:02:48] GBP Reply Poller starting...
[2026-04-25 11:02:50] No new reply emails found.
[2026-04-25 11:50:57] GBP Reply Poller starting...
[2026-04-25 11:50:58] No new reply emails found.
[2026-04-25 12:54:29] GBP Reply Poller starting...
[2026-04-25 12:54:31] No new reply emails found.
[2026-04-25 14:04:34] GBP Reply Poller starting...
[2026-04-25 14:04:34] No new reply emails found.
[2026-04-25 14:58:58] GBP Reply Poller starting...
[2026-04-25 14:58:58] No new reply emails found.
[2026-04-25 15:52:00] GBP Reply Poller starting...
[2026-04-25 15:52:01] No new reply emails found.
[2026-04-25 16:39:04] GBP Reply Poller starting...
[2026-04-25 16:39:05] No new reply emails found.
[2026-04-25 17:25:38] GBP Reply Poller starting...
[2026-04-25 17:25:39] No new reply emails found.
[2026-04-25 18:06:26] GBP Reply Poller starting...
[2026-04-25 18:06:27] No new reply emails found.
[2026-04-25 19:11:04] GBP Reply Poller starting...
[2026-04-25 19:11:05] No new reply emails found.
[2026-04-25 19:56:07] GBP Reply Poller starting...
[2026-04-25 19:56:08] No new reply emails found.
[2026-04-25 20:51:54] GBP Reply Poller starting...
[2026-04-25 20:51:54] No new reply emails found.
[2026-04-25 21:34:47] GBP Reply Poller starting...
[2026-04-25 21:34:48] No new reply emails found.
[2026-04-25 22:05:43] GBP Reply Poller starting...
[2026-04-25 22:05:45] No new reply emails found.
[2026-04-25 22:56:10] GBP Reply Poller starting...
[2026-04-25 22:56:10] No new reply emails found.
[2026-04-25 23:49:37] GBP Reply Poller starting...
[2026-04-25 23:49:38] No new reply emails found.
[2026-04-26 01:53:43] GBP Reply Poller starting...
[2026-04-26 01:53:44] No new reply emails found.
[2026-04-26 05:13:40] GBP Reply Poller starting...
[2026-04-26 05:13:42] No new reply emails found.
[2026-04-26 07:06:31] GBP Reply Poller starting...
[2026-04-26 07:06:32] No new reply emails found.
[2026-04-26 08:37:48] GBP Reply Poller starting...
[2026-04-26 08:37:49] No new reply emails found.
[2026-04-26 09:37:06] GBP Reply Poller starting...
[2026-04-26 09:37:08] No new reply emails found.
[2026-04-26 10:29:37] GBP Reply Poller starting...
[2026-04-26 10:29:38] No new reply emails found.
[2026-04-26 11:23:42] GBP Reply Poller starting...
[2026-04-26 11:23:43] No new reply emails found.
[2026-04-26 12:04:40] GBP Reply Poller starting...
[2026-04-26 12:04:42] No new reply emails found.
[2026-04-26 13:39:58] GBP Reply Poller starting...
[2026-04-26 13:39:59] No new reply emails found.
[2026-04-26 14:29:50] GBP Reply Poller starting...
[2026-04-26 14:29:50] No new reply emails found.
[2026-04-26 15:24:34] GBP Reply Poller starting...
[2026-04-26 15:24:35] No new reply emails found.
[2026-04-26 16:07:23] GBP Reply Poller starting...
[2026-04-26 16:07:23] No new reply emails found.
[2026-04-26 17:02:18] GBP Reply Poller starting...
[2026-04-26 17:02:19] No new reply emails found.
[2026-04-26 17:55:44] GBP Reply Poller starting...
[2026-04-26 17:55:45] No new reply emails found.
[2026-04-26 19:07:37] GBP Reply Poller starting...
[2026-04-26 19:07:38] No new reply emails found.
[2026-04-26 19:54:45] GBP Reply Poller starting...
[2026-04-26 19:54:47] No new reply emails found.
[2026-04-26 20:46:55] GBP Reply Poller starting...
[2026-04-26 20:46:56] No new reply emails found.
[2026-04-26 21:24:44] GBP Reply Poller starting...
[2026-04-26 21:24:45] No new reply emails found.
[2026-04-26 22:04:17] GBP Reply Poller starting...
[2026-04-26 22:04:17] No new reply emails found.
[2026-04-26 22:57:42] GBP Reply Poller starting...
[2026-04-26 22:57:43] No new reply emails found.
[2026-04-26 23:51:37] GBP Reply Poller starting...
[2026-04-26 23:51:38] No new reply emails found.
[2026-04-27 02:31:23] GBP Reply Poller starting...
[2026-04-27 02:31:24] No new reply emails found.
[2026-04-27 05:40:09] GBP Reply Poller starting...
[2026-04-27 05:40:10] No new reply emails found.
[2026-04-27 07:56:48] GBP Reply Poller starting...
[2026-04-27 07:56:50] No new reply emails found.
[2026-04-27 10:25:08] GBP Reply Poller starting...
[2026-04-27 10:25:09] No new reply emails found.
[2026-04-27 12:08:29] GBP Reply Poller starting...
[2026-04-27 12:08:29] No new reply emails found.
[2026-04-27 14:27:25] GBP Reply Poller starting...
[2026-04-27 14:27:26] No new reply emails found.
[2026-04-27 16:11:22] GBP Reply Poller starting...
[2026-04-27 16:11:23] No new reply emails found.
[2026-04-27 17:43:47] GBP Reply Poller starting...
[2026-04-27 17:43:47] No new reply emails found.
[2026-04-27 18:59:31] GBP Reply Poller starting...
[2026-04-27 18:59:32] No new reply emails found.
[2026-04-27 20:16:40] GBP Reply Poller starting...
[2026-04-27 20:16:41] No new reply emails found.
[2026-04-27 21:31:24] GBP Reply Poller starting...
[2026-04-27 21:31:25] No new reply emails found.
[2026-04-27 22:30:21] GBP Reply Poller starting...
[2026-04-27 22:30:23] No new reply emails found.
[2026-04-27 23:32:12] GBP Reply Poller starting...
[2026-04-27 23:32:13] No new reply emails found.
[2026-04-28 01:19:55] GBP Reply Poller starting...
[2026-04-28 01:19:56] No new reply emails found.
[2026-04-28 04:51:56] GBP Reply Poller starting...
[2026-04-28 04:51:57] No new reply emails found.
[2026-04-28 07:29:58] GBP Reply Poller starting...
[2026-04-28 07:29:59] No new reply emails found.
[2026-04-28 09:58:12] GBP Reply Poller starting...
[2026-04-28 09:58:13] No new reply emails found.
[2026-04-28 11:56:14] GBP Reply Poller starting...
[2026-04-28 11:56:16] No new reply emails found.
[2026-04-28 14:35:32] GBP Reply Poller starting...
[2026-04-28 14:35:33] No new reply emails found.
[2026-04-28 16:27:29] GBP Reply Poller starting...
[2026-04-28 16:27:30] No new reply emails found.
[2026-04-28 18:07:16] GBP Reply Poller starting...
[2026-04-28 18:07:18] No new reply emails found.
[2026-04-28 19:56:24] GBP Reply Poller starting...
[2026-04-28 19:56:27] No new reply emails found.
[2026-04-28 21:14:08] GBP Reply Poller starting...
[2026-04-28 21:14:09] No new reply emails found.
[2026-04-28 22:14:18] GBP Reply Poller starting...
[2026-04-28 22:14:19] No new reply emails found.
[2026-04-28 23:13:50] GBP Reply Poller starting...
[2026-04-28 23:13:51] No new reply emails found.
[2026-04-29 00:10:42] GBP Reply Poller starting...
[2026-04-29 00:10:43] No new reply emails found.
[2026-04-29 04:04:55] GBP Reply Poller starting...
[2026-04-29 04:04:56] No new reply emails found.
[2026-04-29 06:35:54] GBP Reply Poller starting...
[2026-04-29 06:35:56] No new reply emails found.
[2026-04-29 09:00:42] GBP Reply Poller starting...
[2026-04-29 09:00:43] No new reply emails found.
[2026-04-29 11:03:37] GBP Reply Poller starting...
[2026-04-29 11:03:39] No new reply emails found.
[2026-04-29 12:23:04] GBP Reply Poller starting...
[2026-04-29 12:23:06] No new reply emails found.
[2026-04-29 14:37:36] GBP Reply Poller starting...
[2026-04-29 14:37:37] No new reply emails found.
[2026-04-29 16:19:09] GBP Reply Poller starting...
[2026-04-29 16:19:09] No new reply emails found.
[2026-04-29 17:54:23] GBP Reply Poller starting...
[2026-04-29 17:54:24] No new reply emails found.
[2026-04-29 19:42:15] GBP Reply Poller starting...
[2026-04-29 19:42:16] No new reply emails found.
[2026-04-29 20:45:17] GBP Reply Poller starting...
[2026-04-29 20:45:18] No new reply emails found.
[2026-04-29 21:45:58] GBP Reply Poller starting...
[2026-04-29 21:45:59] No new reply emails found.
[2026-04-29 22:41:34] GBP Reply Poller starting...
[2026-04-29 22:41:34] No new reply emails found.
[2026-04-29 23:39:41] GBP Reply Poller starting...
[2026-04-29 23:39:42] No new reply emails found.
[2026-04-30 01:23:58] GBP Reply Poller starting...
[2026-04-30 01:23:59] No new reply emails found.
[2026-04-30 04:57:35] GBP Reply Poller starting...
[2026-04-30 04:57:37] No new reply emails found.
[2026-04-30 07:34:14] GBP Reply Poller starting...
[2026-04-30 07:34:16] No new reply emails found.
[2026-04-30 09:37:24] GBP Reply Poller starting...
[2026-04-30 09:37:25] No new reply emails found.
[2026-04-30 11:19:25] GBP Reply Poller starting...
[2026-04-30 11:19:26] No new reply emails found.
[2026-04-30 13:01:19] GBP Reply Poller starting...
[2026-04-30 13:01:20] No new reply emails found.
[2026-04-30 15:20:32] GBP Reply Poller starting...
[2026-04-30 15:20:32] No new reply emails found.
[2026-04-30 16:55:17] GBP Reply Poller starting...
[2026-04-30 16:55:18] No new reply emails found.
[2026-04-30 18:15:41] GBP Reply Poller starting...
[2026-04-30 18:15:44] No new reply emails found.
[2026-04-30 19:52:54] GBP Reply Poller starting...
[2026-04-30 19:52:59] No new reply emails found.
[2026-04-30 21:00:10] GBP Reply Poller starting...
[2026-04-30 21:00:12] No new reply emails found.
[2026-04-30 22:06:32] GBP Reply Poller starting...
[2026-04-30 22:06:32] No new reply emails found.
[2026-04-30 23:08:58] GBP Reply Poller starting...
[2026-04-30 23:08:59] No new reply emails found.
[2026-05-01 00:07:02] GBP Reply Poller starting...
[2026-05-01 00:07:02] No new reply emails found.
[2026-05-01 04:16:23] GBP Reply Poller starting...
[2026-05-01 04:16:23] No new reply emails found.
[2026-05-01 07:09:50] GBP Reply Poller starting...
[2026-05-01 07:09:51] No new reply emails found.
[2026-05-01 09:12:02] GBP Reply Poller starting...
[2026-05-01 09:12:03] No new reply emails found.
[2026-05-01 10:45:30] GBP Reply Poller starting...
[2026-05-01 10:45:30] No new reply emails found.
[2026-05-01 11:46:46] GBP Reply Poller starting...
[2026-05-01 11:46:47] No new reply emails found.
[2026-05-01 12:45:11] GBP Reply Poller starting...
[2026-05-01 12:45:12] No new reply emails found.
[2026-05-01 14:10:04] GBP Reply Poller starting...
[2026-05-01 14:10:05] No new reply emails found.
[2026-05-01 15:17:13] GBP Reply Poller starting...
[2026-05-01 15:17:14] No new reply emails found.
[2026-05-01 16:16:02] GBP Reply Poller starting...
[2026-05-01 16:16:04] No new reply emails found.
[2026-05-01 17:30:44] GBP Reply Poller starting...
[2026-05-01 17:30:45] No new reply emails found.
[2026-05-01 18:43:16] GBP Reply Poller starting...
[2026-05-01 18:43:17] No new reply emails found.
[2026-05-01 19:55:17] GBP Reply Poller starting...
[2026-05-01 19:55:18] No new reply emails found.
[2026-05-01 21:00:02] GBP Reply Poller starting...
[2026-05-01 21:00:04] No new reply emails found.
[2026-05-01 22:00:29] GBP Reply Poller starting...
[2026-05-01 22:00:30] No new reply emails found.
[2026-05-01 23:02:17] GBP Reply Poller starting...
[2026-05-01 23:02:18] No new reply emails found.
[2026-05-02 00:01:26] GBP Reply Poller starting...
[2026-05-02 00:01:28] No new reply emails found.
[2026-05-02 03:46:42] GBP Reply Poller starting...
[2026-05-02 03:46:43] No new reply emails found.
[2026-05-02 05:58:04] GBP Reply Poller starting...
[2026-05-02 05:58:05] No new reply emails found.
[2026-05-02 07:56:53] GBP Reply Poller starting...
[2026-05-02 07:56:54] No new reply emails found.
[2026-05-02 09:16:01] GBP Reply Poller starting...
[2026-05-02 09:16:02] No new reply emails found.
[2026-05-02 10:13:43] GBP Reply Poller starting...
[2026-05-02 10:13:44] No new reply emails found.
[2026-05-02 11:10:58] GBP Reply Poller starting...
[2026-05-02 11:10:59] No new reply emails found.
[2026-05-02 12:01:35] GBP Reply Poller starting...
[2026-05-02 12:01:36] No new reply emails found.
[2026-05-02 13:44:19] GBP Reply Poller starting...
[2026-05-02 13:44:20] No new reply emails found.
[2026-05-02 14:37:32] GBP Reply Poller starting...
[2026-05-02 14:37:33] No new reply emails found.
[2026-05-02 15:32:21] GBP Reply Poller starting...
[2026-05-02 15:32:22] No new reply emails found.
[2026-05-02 16:28:30] GBP Reply Poller starting...
[2026-05-02 16:28:31] No new reply emails found.
[2026-05-02 17:27:26] GBP Reply Poller starting...
[2026-05-02 17:27:27] No new reply emails found.
[2026-05-02 18:31:07] GBP Reply Poller starting...
[2026-05-02 18:31:09] No new reply emails found.
[2026-05-02 19:38:47] GBP Reply Poller starting...
[2026-05-02 19:38:48] No new reply emails found.
[2026-05-02 20:24:41] GBP Reply Poller starting...
[2026-05-02 20:24:42] No new reply emails found.
[2026-05-02 21:09:44] GBP Reply Poller starting...
[2026-05-02 21:09:45] No new reply emails found.
[2026-05-02 21:59:51] GBP Reply Poller starting...
[2026-05-02 21:59:51] No new reply emails found.
[2026-05-02 22:58:13] GBP Reply Poller starting...
[2026-05-02 22:58:14] No new reply emails found.
[2026-05-02 23:56:14] GBP Reply Poller starting...
[2026-05-02 23:56:15] No new reply emails found.
[2026-05-03 04:02:37] GBP Reply Poller starting...
[2026-05-03 04:02:38] No new reply emails found.
[2026-05-03 06:35:51] GBP Reply Poller starting...
[2026-05-03 06:35:52] No new reply emails found.
[2026-05-03 08:24:32] GBP Reply Poller starting...
[2026-05-03 08:24:34] No new reply emails found.
[2026-05-03 09:49:41] GBP Reply Poller starting...
[2026-05-03 09:49:42] No new reply emails found.
[2026-05-03 10:45:39] GBP Reply Poller starting...
[2026-05-03 10:45:41] No new reply emails found.
[2026-05-03 11:31:31] GBP Reply Poller starting...
[2026-05-03 11:31:32] No new reply emails found.
[2026-05-03 12:33:02] GBP Reply Poller starting...
[2026-05-03 12:33:03] No new reply emails found.
[2026-05-03 13:57:07] GBP Reply Poller starting...
[2026-05-03 13:57:09] No new reply emails found.
[2026-05-03 14:58:35] GBP Reply Poller starting...
[2026-05-03 14:58:36] No new reply emails found.
[2026-05-03 15:57:00] GBP Reply Poller starting...
[2026-05-03 15:57:01] No new reply emails found.
[2026-05-03 17:01:39] GBP Reply Poller starting...
[2026-05-03 17:01:40] No new reply emails found.
[2026-05-03 17:58:43] GBP Reply Poller starting...
[2026-05-03 17:58:45] No new reply emails found.
[2026-05-03 19:13:19] GBP Reply Poller starting...
[2026-05-03 19:13:20] No new reply emails found.
[2026-05-03 20:02:14] GBP Reply Poller starting...
[2026-05-03 20:02:15] No new reply emails found.
[2026-05-03 20:59:02] GBP Reply Poller starting...
[2026-05-03 20:59:03] No new reply emails found.
[2026-05-03 21:55:25] GBP Reply Poller starting...
[2026-05-03 21:55:26] No new reply emails found.
[2026-05-03 22:52:57] GBP Reply Poller starting...
[2026-05-03 22:52:57] No new reply emails found.
[2026-05-03 23:46:47] GBP Reply Poller starting...
[2026-05-03 23:46:48] No new reply emails found.
[2026-05-04 01:21:48] GBP Reply Poller starting...
[2026-05-04 01:21:50] No new reply emails found.
[2026-05-04 04:57:40] GBP Reply Poller starting...
[2026-05-04 04:57:41] No new reply emails found.
[2026-05-04 07:51:52] GBP Reply Poller starting...
[2026-05-04 07:51:53] No new reply emails found.
[2026-05-04 10:11:10] GBP Reply Poller starting...
[2026-05-04 10:11:11] No new reply emails found.
[2026-05-04 12:06:01] GBP Reply Poller starting...
[2026-05-04 12:06:02] No new reply emails found.
[2026-05-04 14:29:13] GBP Reply Poller starting...
[2026-05-04 14:29:15] No new reply emails found.
[2026-05-04 16:20:40] GBP Reply Poller starting...
[2026-05-04 16:20:41] No new reply emails found.
[2026-05-04 17:58:13] GBP Reply Poller starting...
[2026-05-04 17:58:14] No new reply emails found.
[2026-05-04 19:52:18] GBP Reply Poller starting...
[2026-05-04 19:52:19] No new reply emails found.
[2026-05-04 21:07:20] GBP Reply Poller starting...
[2026-05-04 21:07:21] No new reply emails found.
[2026-05-04 22:14:53] GBP Reply Poller starting...
[2026-05-04 22:14:54] No new reply emails found.
[2026-05-04 23:13:51] GBP Reply Poller starting...
[2026-05-04 23:13:51] No new reply emails found.
[2026-05-05 00:11:21] GBP Reply Poller starting...
[2026-05-05 00:11:21] No new reply emails found.
[2026-05-05 03:52:15] GBP Reply Poller starting...
[2026-05-05 03:52:17] No new reply emails found.
[2026-05-05 06:14:16] GBP Reply Poller starting...
[2026-05-05 06:14:17] No new reply emails found.
[2026-05-05 08:29:49] GBP Reply Poller starting...
[2026-05-05 08:29:49] No new reply emails found.
[2026-05-05 10:22:29] GBP Reply Poller starting...
[2026-05-05 10:22:30] No new reply emails found.
[2026-05-05 11:47:34] GBP Reply Poller starting...
[2026-05-05 11:47:35] No new reply emails found.
[2026-05-05 13:00:30] GBP Reply Poller starting...
[2026-05-05 13:00:31] No new reply emails found.
[2026-05-05 15:59:19] GBP Reply Poller starting...
[2026-05-05 15:59:21] No new reply emails found.
[2026-05-05 17:00:14] GBP Reply Poller starting...
[2026-05-05 17:00:14] No new reply emails found.
[2026-05-05 18:21:35] GBP Reply Poller starting...
[2026-05-05 18:21:35] No new reply emails found.
[2026-05-05 19:57:00] GBP Reply Poller starting...
[2026-05-05 19:57:01] No new reply emails found.
[2026-05-05 21:10:59] GBP Reply Poller starting...
[2026-05-05 21:11:00] No new reply emails found.
[2026-05-05 22:14:36] GBP Reply Poller starting...
[2026-05-05 22:14:37] No new reply emails found.
[2026-05-05 23:14:37] GBP Reply Poller starting...
[2026-05-05 23:14:38] No new reply emails found.
[2026-05-06 00:08:55] GBP Reply Poller starting...
[2026-05-06 00:08:56] No new reply emails found.
[2026-05-06 04:05:59] GBP Reply Poller starting...
[2026-05-06 04:06:00] No new reply emails found.
[2026-05-06 06:44:04] GBP Reply Poller starting...
[2026-05-06 06:44:05] No new reply emails found.
[2026-05-06 09:13:03] GBP Reply Poller starting...
[2026-05-06 09:13:04] No new reply emails found.
[2026-05-06 11:22:15] GBP Reply Poller starting...
[2026-05-06 11:22:15] No new reply emails found.
[2026-05-06 13:12:04] GBP Reply Poller starting...
[2026-05-06 13:12:06] No new reply emails found.
[2026-05-06 15:36:59] GBP Reply Poller starting...
[2026-05-06 15:36:59] No new reply emails found.
[2026-05-06 17:13:39] GBP Reply Poller starting...
[2026-05-06 17:13:40] No new reply emails found.
